<?xml version="1.0" encoding="UTF-8"?>
<testng-results skipped="0" failed="0" ignored="0" total="3" passed="3">
  <reporter-output>
  </reporter-output>
  <suite name="Suite" duration-ms="122965" started-at="2020-06-16T15:34:50 ICT" finished-at="2020-06-16T15:36:53 ICT">
    <groups>
    </groups>
    <test name="Test1" duration-ms="48543" started-at="2020-06-16T15:34:50 ICT" finished-at="2020-06-16T15:35:39 ICT">
      <class name="com.hth.test.TestCase2SearchFunction">
        <test-method status="PASS" signature="setUp()[pri:0, instance:com.hth.test.TestCase2SearchFunction@10bbd20a]" name="setUp" is-config="true" duration-ms="19716" started-at="2020-06-16T15:34:50 ICT" finished-at="2020-06-16T15:35:10 ICT">
          <reporter-output>
          </reporter-output>
        </test-method> <!-- setUp -->
        <test-method status="PASS" signature="search(java.lang.String)[pri:0, instance:com.hth.test.TestCase2SearchFunction@10bbd20a]" name="search" duration-ms="7533" started-at="2020-06-16T15:35:11 ICT" data-provider="search" finished-at="2020-06-16T15:35:19 ICT">
          <params>
            <param index="0">
              <value>
                <![CDATA[Nồi chiên không dầu Philips]]>
              </value>
            </param>
          </params>
          <reporter-output>
          </reporter-output>
        </test-method> <!-- search -->
        <test-method status="PASS" signature="tearDown()[pri:0, instance:com.hth.test.TestCase2SearchFunction@10bbd20a]" name="tearDown" is-config="true" duration-ms="20073" started-at="2020-06-16T15:35:19 ICT" finished-at="2020-06-16T15:35:39 ICT">
          <reporter-output>
          </reporter-output>
        </test-method> <!-- tearDown -->
      </class> <!-- com.hth.test.TestCase2SearchFunction -->
    </test> <!-- Test1 -->
    <test name="Test2" duration-ms="74378" started-at="2020-06-16T15:35:39 ICT" finished-at="2020-06-16T15:36:53 ICT">
      <class name="com.hth.test.TestCase2SearchFunction">
        <test-method status="PASS" signature="setUp()[pri:0, instance:com.hth.test.TestCase2SearchFunction@458c1321]" name="setUp" is-config="true" duration-ms="10783" started-at="2020-06-16T15:36:23 ICT" finished-at="2020-06-16T15:36:34 ICT">
          <reporter-output>
          </reporter-output>
        </test-method> <!-- setUp -->
        <test-method status="PASS" signature="search(java.lang.String)[pri:0, instance:com.hth.test.TestCase2SearchFunction@458c1321]" name="search" duration-ms="6197" started-at="2020-06-16T15:36:34 ICT" data-provider="search" finished-at="2020-06-16T15:36:40 ICT">
          <params>
            <param index="0">
              <value>
                <![CDATA[Nồi chiên không dầu Philips]]>
              </value>
            </param>
          </params>
          <reporter-output>
          </reporter-output>
        </test-method> <!-- search -->
        <test-method status="PASS" signature="tearDown()[pri:0, instance:com.hth.test.TestCase2SearchFunction@458c1321]" name="tearDown" is-config="true" duration-ms="13050" started-at="2020-06-16T15:36:40 ICT" finished-at="2020-06-16T15:36:53 ICT">
          <reporter-output>
          </reporter-output>
        </test-method> <!-- tearDown -->
      </class> <!-- com.hth.test.TestCase2SearchFunction -->
      <class name="com.hth.test.TestCase1AddToCart">
        <test-method status="PASS" signature="setUp()[pri:0, instance:com.hth.test.TestCase1AddToCart@305fd85d]" name="setUp" is-config="true" duration-ms="11972" started-at="2020-06-16T15:35:39 ICT" finished-at="2020-06-16T15:35:51 ICT">
          <reporter-output>
          </reporter-output>
        </test-method> <!-- setUp -->
        <test-method status="PASS" signature="addProductToCart()[pri:0, instance:com.hth.test.TestCase1AddToCart@305fd85d]" name="addProductToCart" duration-ms="13774" started-at="2020-06-16T15:35:51 ICT" finished-at="2020-06-16T15:36:05 ICT">
          <reporter-output>
          </reporter-output>
        </test-method> <!-- addProductToCart -->
        <test-method status="PASS" signature="tearDown()[pri:0, instance:com.hth.test.TestCase1AddToCart@305fd85d]" name="tearDown" is-config="true" duration-ms="18503" started-at="2020-06-16T15:36:05 ICT" finished-at="2020-06-16T15:36:23 ICT">
          <reporter-output>
          </reporter-output>
        </test-method> <!-- tearDown -->
      </class> <!-- com.hth.test.TestCase1AddToCart -->
    </test> <!-- Test2 -->
  </suite> <!-- Suite -->
</testng-results>
